Solver command line: ['C:\\Users\\joachimsvensson\\AppData\\Local\\anaconda3\\envs\\NHS\\Library\\bin\\glpsol.exe', '--write', 'C:\\Users\\JOACHI~1\\AppData\\Local\\Temp\\tmpkhsvumsh.glpk.raw', '--wglp', 'C:\\Users\\JOACHI~1\\AppData\\Local\\Temp\\tmp2p3rs0sh.glpk.glp', '--cpxlp', 'C:\\Users\\JOACHI~1\\AppData\\Local\\Temp\\tmpp1dgudf1.pyomo.lp']

GLPSOL--GLPK LP/MIP Solver 5.0
Parameter(s) specified in the command line:
 --write C:\Users\JOACHI~1\AppData\Local\Temp\tmpkhsvumsh.glpk.raw --wglp
 C:\Users\JOACHI~1\AppData\Local\Temp\tmp2p3rs0sh.glpk.glp --cpxlp C:\Users\JOACHI~1\AppData\Local\Temp\tmpp1dgudf1.pyomo.lp
Reading problem data from 'C:\Users\JOACHI~1\AppData\Local\Temp\tmpp1dgudf1.pyomo.lp'...
C:\Users\JOACHI~1\AppData\Local\Temp\tmpp1dgudf1.pyomo.lp:154799: warning: lower bound of variable 'x2' redefined
C:\Users\JOACHI~1\AppData\Local\Temp\tmpp1dgudf1.pyomo.lp:154799: warning: upper bound of variable 'x2' redefined
11876 rows, 11840 columns, 95480 non-zeros
11840 integer variables, 9440 of which are binary
164239 lines were read
Writing problem data to 'C:\Users\JOACHI~1\AppData\Local\Temp\tmp2p3rs0sh.glpk.glp'...
140515 lines were written
GLPK Integer Optimizer 5.0
11876 rows, 11840 columns, 95480 non-zeros
11840 integer variables, 9440 of which are binary
Preprocessing...
2240 hidden covering inequaliti(es) were detected
9737 rows, 9480 columns, 91040 non-zeros
9480 integer variables, 7080 of which are binary
Scaling...
 A: min|aij| =  1.000e+00  max|aij| =  8.000e+00  ratio =  8.000e+00
Problem data seem to be well scaled
Constructing initial basis...
Size of triangular part is 9737
Solving LP relaxation...
GLPK Simplex Optimizer 5.0
9737 rows, 9480 columns, 91040 non-zeros
      0: obj =   1.200000000e+02 inf =   1.002e+03 (296)
   1178: obj =   8.010000000e+02 inf =   1.332e-15 (0) 1
*  1230: obj =   8.010000000e+02 inf =   2.442e-15 (0)
OPTIMAL LP SOLUTION FOUND
Integer optimization begins...
Long-step dual simplex will be used
+  1230: mip =     not found yet >=              -inf        (1; 0)
+  2540: mip =     not found yet >=   8.010000000e+02        (10; 0)
+  2997: mip =     not found yet >=   8.010000000e+02        (16; 0)
+  3743: mip =     not found yet >=   8.010000000e+02        (22; 0)
+  4116: mip =     not found yet >=   8.010000000e+02        (25; 0)
+  4384: mip =     not found yet >=   8.010000000e+02        (28; 0)
+  4569: mip =     not found yet >=   8.010000000e+02        (30; 0)
+  4783: mip =     not found yet >=   8.010000000e+02        (32; 0)
+  4895: mip =     not found yet >=   8.010000000e+02        (33; 0)
+  4995: mip =     not found yet >=   8.010000000e+02        (34; 0)
+  5036: mip =     not found yet >=   8.010000000e+02        (35; 0)
Time used: 63.3 secs.  Memory used: 21.5 Mb.
+  5233: mip =     not found yet >=   8.010000000e+02        (37; 0)
+  5340: mip =     not found yet >=   8.010000000e+02        (39; 0)
+  5404: mip =     not found yet >=   8.010000000e+02        (40; 0)
+  5555: mip =     not found yet >=   8.010000000e+02        (42; 0)
+  5674: mip =     not found yet >=   8.010000000e+02        (44; 0)
+  5768: mip =     not found yet >=   8.010000000e+02        (45; 0)
+  5829: mip =     not found yet >=   8.010000000e+02        (46; 0)
+  5877: mip =     not found yet >=   8.010000000e+02        (47; 0)
Time used: 124.1 secs.  Memory used: 21.5 Mb.
+  5927: mip =     not found yet >=   8.010000000e+02        (48; 0)
+  6014: mip =     not found yet >=   8.010000000e+02        (49; 0)
+  6113: mip =     not found yet >=   8.010000000e+02        (50; 0)
+  6182: mip =     not found yet >=   8.010000000e+02        (51; 0)
+  6233: mip =     not found yet >=   8.010000000e+02        (52; 0)
+  6323: mip =     not found yet >=   8.010000000e+02        (54; 0)
+  6478: mip =     not found yet >=   8.010000000e+02        (56; 0)
+  6593: mip =     not found yet >=   8.010000000e+02        (58; 0)
Time used: 187.6 secs.  Memory used: 21.5 Mb.
+  6677: mip =     not found yet >=   8.010000000e+02        (60; 0)
+  6919: mip =     not found yet >=   8.010000000e+02        (63; 0)
+  7179: mip =     not found yet >=   8.010000000e+02        (66; 0)
+  7385: mip =     not found yet >=   8.010000000e+02        (68; 0)
+  7614: mip =     not found yet >=   8.010000000e+02        (71; 0)
+  7729: mip =     not found yet >=   8.010000000e+02        (73; 0)
+  7886: mip =     not found yet >=   8.010000000e+02        (75; 0)
+  8028: mip =     not found yet >=   8.010000000e+02        (77; 0)
+  8246: mip =     not found yet >=   8.010000000e+02        (80; 0)
Time used: 249.4 secs.  Memory used: 21.6 Mb.
+  8431: mip =     not found yet >=   8.010000000e+02        (82; 0)
+  8623: mip =     not found yet >=   8.010000000e+02        (84; 0)
+  8734: mip =     not found yet >=   8.010000000e+02        (86; 0)
+  8833: mip =     not found yet >=   8.010000000e+02        (88; 0)
+  8957: mip =     not found yet >=   8.010000000e+02        (90; 0)
+  9287: mip =     not found yet >=   8.010000000e+02        (93; 0)
+  9536: mip =     not found yet >=   8.010000000e+02        (96; 0)
+  9696: mip =     not found yet >=   8.010000000e+02        (98; 0)
+  9858: mip =     not found yet >=   8.010000000e+02        (100; 0)
+ 10108: mip =     not found yet >=   8.010000000e+02        (103; 0)
+ 10270: mip =     not found yet >=   8.010000000e+02        (105; 0)
Time used: 311.5 secs.  Memory used: 21.6 Mb.
+ 10448: mip =     not found yet >=   8.010000000e+02        (108; 0)
+ 10621: mip =     not found yet >=   8.010000000e+02        (111; 0)
+ 10842: mip =     not found yet >=   8.010000000e+02        (114; 0)
+ 11009: mip =     not found yet >=   8.010000000e+02        (117; 0)
+ 11221: mip =     not found yet >=   8.010000000e+02        (120; 0)
+ 11405: mip =     not found yet >=   8.010000000e+02        (123; 0)
+ 11686: mip =     not found yet >=   8.010000000e+02        (126; 0)
+ 11843: mip =     not found yet >=   8.010000000e+02        (128; 0)
+ 11999: mip =     not found yet >=   8.010000000e+02        (130; 0)
Time used: 372.9 secs.  Memory used: 21.7 Mb.
+ 12146: mip =     not found yet >=   8.010000000e+02        (132; 0)
+ 12322: mip =     not found yet >=   8.010000000e+02        (135; 0)
+ 12514: mip =     not found yet >=   8.010000000e+02        (138; 0)
+ 12696: mip =     not found yet >=   8.010000000e+02        (141; 0)
+ 12921: mip =     not found yet >=   8.010000000e+02        (143; 0)
+ 13081: mip =     not found yet >=   8.010000000e+02        (145; 0)
+ 13241: mip =     not found yet >=   8.010000000e+02        (147; 0)
+ 13412: mip =     not found yet >=   8.010000000e+02        (149; 0)
+ 13775: mip =     not found yet >=   8.010000000e+02        (152; 0)
+ 14012: mip =     not found yet >=   8.010000000e+02        (155; 0)
Time used: 434.0 secs.  Memory used: 21.8 Mb.
+ 14188: mip =     not found yet >=   8.010000000e+02        (158; 0)
+ 14412: mip =     not found yet >=   8.010000000e+02        (161; 0)
+ 14623: mip =     not found yet >=   8.010000000e+02        (164; 0)
+ 14897: mip =     not found yet >=   8.010000000e+02        (167; 0)
+ 15119: mip =     not found yet >=   8.010000000e+02        (170; 0)
+ 15290: mip =     not found yet >=   8.010000000e+02        (172; 0)
+ 15429: mip =     not found yet >=   8.010000000e+02        (174; 0)
+ 15593: mip =     not found yet >=   8.010000000e+02        (177; 0)
+ 15721: mip =     not found yet >=   8.010000000e+02        (180; 0)
Time used: 494.4 secs.  Memory used: 21.8 Mb.
+ 15914: mip =     not found yet >=   8.010000000e+02        (183; 0)
+ 16101: mip =     not found yet >=   8.010000000e+02        (186; 0)
+ 16284: mip =     not found yet >=   8.010000000e+02        (189; 0)
+ 16465: mip =     not found yet >=   8.010000000e+02        (192; 0)
+ 16719: mip =     not found yet >=   8.010000000e+02        (195; 0)
+ 16898: mip =     not found yet >=   8.010000000e+02        (198; 0)
+ 17036: mip =     not found yet >=   8.010000000e+02        (200; 0)
+ 17111: mip =     not found yet >=   8.010000000e+02        (202; 0)
+ 17315: mip =     not found yet >=   8.010000000e+02        (204; 0)
+ 17453: mip =     not found yet >=   8.010000000e+02        (206; 0)
Time used: 554.8 secs.  Memory used: 21.9 Mb.
+ 17732: mip =     not found yet >=   8.010000000e+02        (209; 0)
+ 17869: mip =     not found yet >=   8.010000000e+02        (212; 0)
+ 18051: mip =     not found yet >=   8.010000000e+02        (215; 0)
+ 18329: mip =     not found yet >=   8.010000000e+02        (218; 0)
+ 18545: mip =     not found yet >=   8.010000000e+02        (221; 0)
+ 18772: mip =     not found yet >=   8.010000000e+02        (224; 0)
+ 18974: mip =     not found yet >=   8.010000000e+02        (227; 0)
+ 19193: mip =     not found yet >=   8.010000000e+02        (230; 0)
+ 19422: mip =     not found yet >=   8.010000000e+02        (233; 0)
Time used: 615.0 secs.  Memory used: 23.1 Mb.
+ 19640: mip =     not found yet >=   8.010000000e+02        (236; 0)
+ 19924: mip =     not found yet >=   8.010000000e+02        (239; 0)
+ 20099: mip =     not found yet >=   8.010000000e+02        (241; 0)
+ 20328: mip =     not found yet >=   8.010000000e+02        (244; 0)
+ 20515: mip =     not found yet >=   8.010000000e+02        (247; 0)
+ 20738: mip =     not found yet >=   8.010000000e+02        (250; 0)
+ 20923: mip =     not found yet >=   8.010000000e+02        (253; 0)
+ 21150: mip =     not found yet >=   8.010000000e+02        (256; 0)
+ 21387: mip =     not found yet >=   8.010000000e+02        (259; 0)
+ 21568: mip =     not found yet >=   8.010000000e+02        (262; 0)
Time used: 676.7 secs.  Memory used: 23.1 Mb.
+ 21822: mip =     not found yet >=   8.010000000e+02        (265; 0)
+ 21969: mip =     not found yet >=   8.010000000e+02        (267; 0)
+ 22115: mip =     not found yet >=   8.010000000e+02        (269; 0)
+ 22262: mip =     not found yet >=   8.010000000e+02        (271; 0)
+ 22476: mip =     not found yet >=   8.010000000e+02        (274; 0)
+ 22664: mip =     not found yet >=   8.010000000e+02        (277; 0)
+ 22899: mip =     not found yet >=   8.010000000e+02        (280; 0)
+ 23054: mip =     not found yet >=   8.010000000e+02        (282; 0)
+ 23467: mip =     not found yet >=   8.010000000e+02        (287; 0)
Time used: 737.3 secs.  Memory used: 23.2 Mb.
+ 23844: mip =     not found yet >=   8.010000000e+02        (292; 0)
+ 24097: mip =     not found yet >=   8.010000000e+02        (297; 0)
+ 24286: mip =     not found yet >=   8.010000000e+02        (301; 0)
+ 24582: mip =     not found yet >=   8.010000000e+02        (306; 0)
+ 24899: mip =     not found yet >=   8.010000000e+02        (311; 0)
+ 25178: mip =     not found yet >=   8.010000000e+02        (316; 0)
+ 25596: mip =     not found yet >=   8.010000000e+02        (321; 0)
+ 26006: mip =     not found yet >=   8.010000000e+02        (326; 0)
+ 26378: mip =     not found yet >=   8.010000000e+02        (331; 0)
+ 26811: mip =     not found yet >=   8.010000000e+02        (336; 0)
+ 27112: mip =     not found yet >=   8.010000000e+02        (341; 0)
Time used: 797.6 secs.  Memory used: 23.3 Mb.
+ 27442: mip =     not found yet >=   8.010000000e+02        (346; 0)
+ 27877: mip =     not found yet >=   8.010000000e+02        (351; 0)
+ 28229: mip =     not found yet >=   8.010000000e+02        (356; 0)
+ 28647: mip =     not found yet >=   8.010000000e+02        (361; 0)
+ 29005: mip =     not found yet >=   8.010000000e+02        (366; 0)
+ 29287: mip =     not found yet >=   8.010000000e+02        (371; 0)
+ 29729: mip =     not found yet >=   8.010000000e+02        (376; 0)
+ 30017: mip =     not found yet >=   8.010000000e+02        (381; 0)
+ 30417: mip =     not found yet >=   8.010000000e+02        (386; 0)
+ 30846: mip =     not found yet >=   8.010000000e+02        (391; 0)
Time used: 857.7 secs.  Memory used: 23.4 Mb.
+ 31336: mip =     not found yet >=   8.010000000e+02        (396; 0)
+ 31698: mip =     not found yet >=   8.010000000e+02        (401; 0)
+ 32183: mip =     not found yet >=   8.010000000e+02        (406; 0)
+ 32477: mip =     not found yet >=   8.010000000e+02        (411; 0)
+ 32872: mip =     not found yet >=   8.010000000e+02        (416; 0)
+ 33247: mip =     not found yet >=   8.010000000e+02        (421; 0)
+ 33630: mip =     not found yet >=   8.010000000e+02        (426; 0)
+ 34028: mip =     not found yet >=   8.010000000e+02        (431; 0)
+ 34371: mip =     not found yet >=   8.010000000e+02        (436; 0)
+ 34793: mip =     not found yet >=   8.010000000e+02        (441; 0)
Time used: 918.7 secs.  Memory used: 23.6 Mb.
+ 35215: mip =     not found yet >=   8.010000000e+02        (446; 0)
+ 35450: mip =     not found yet >=   8.010000000e+02        (451; 0)
+ 35845: mip =     not found yet >=   8.010000000e+02        (456; 0)
+ 36222: mip =     not found yet >=   8.010000000e+02        (461; 0)
+ 36638: mip =     not found yet >=   8.010000000e+02        (466; 0)
+ 37045: mip =     not found yet >=   8.010000000e+02        (471; 0)
+ 37503: mip =     not found yet >=   8.010000000e+02        (476; 0)
+ 37739: mip =     not found yet >=   8.010000000e+02        (481; 0)
+ 37937: mip =     not found yet >=   8.010000000e+02        (485; 0)
+ 38462: mip =     not found yet >=   8.010000000e+02        (490; 0)
+ 38793: mip =     not found yet >=   8.010000000e+02        (495; 0)
Time used: 979.7 secs.  Memory used: 23.7 Mb.
+ 39134: mip =     not found yet >=   8.010000000e+02        (500; 0)
+ 39409: mip =     not found yet >=   8.010000000e+02        (505; 0)
+ 39785: mip =     not found yet >=   8.010000000e+02        (510; 0)
+ 40089: mip =     not found yet >=   8.010000000e+02        (515; 0)
+ 40476: mip =     not found yet >=   8.010000000e+02        (520; 0)
+ 41006: mip =     not found yet >=   8.010000000e+02        (525; 0)
+ 41581: mip =     not found yet >=   8.010000000e+02        (530; 0)
+ 41858: mip =     not found yet >=   8.010000000e+02        (533; 0)
+ 42361: mip =     not found yet >=   8.010000000e+02        (538; 0)
+ 42727: mip =     not found yet >=   8.010000000e+02        (543; 0)
Time used: 1040.6 secs.  Memory used: 23.8 Mb.
+ 43340: mip =     not found yet >=   8.010000000e+02        (548; 0)
+ 43891: mip =     not found yet >=   8.010000000e+02        (553; 0)
+ 44239: mip =     not found yet >=   8.010000000e+02        (558; 0)
+ 44579: mip =     not found yet >=   8.010000000e+02        (562; 0)
+ 45125: mip =     not found yet >=   8.010000000e+02        (567; 0)
+ 45642: mip =     not found yet >=   8.010000000e+02        (572; 0)
+ 45984: mip =     not found yet >=   8.010000000e+02        (577; 0)
+ 46394: mip =     not found yet >=   8.010000000e+02        (582; 0)
+ 46815: mip =     not found yet >=   8.010000000e+02        (587; 0)
+ 47405: mip =     not found yet >=   8.010000000e+02        (592; 0)
+ 47833: mip =     not found yet >=   8.010000000e+02        (597; 0)
+ 48287: mip =     not found yet >=   8.010000000e+02        (602; 0)
Time used: 1100.6 secs.  Memory used: 24.0 Mb.
+ 48739: mip =     not found yet >=   8.010000000e+02        (607; 0)
+ 49121: mip =     not found yet >=   8.010000000e+02        (612; 0)
+ 49552: mip =     not found yet >=   8.010000000e+02        (617; 0)
+ 49940: mip =     not found yet >=   8.010000000e+02        (622; 0)
+ 50308: mip =     not found yet >=   8.010000000e+02        (627; 0)
+ 50732: mip =     not found yet >=   8.010000000e+02        (632; 0)
+ 51061: mip =     not found yet >=   8.010000000e+02        (637; 0)
+ 51433: mip =     not found yet >=   8.010000000e+02        (642; 0)
+ 51844: mip =     not found yet >=   8.010000000e+02        (647; 0)
+ 52380: mip =     not found yet >=   8.010000000e+02        (653; 0)
+ 52825: mip =     not found yet >=   8.010000000e+02        (658; 0)
Time used: 1161.4 secs.  Memory used: 24.2 Mb.
+ 53104: mip =     not found yet >=   8.010000000e+02        (663; 0)
+ 53410: mip =     not found yet >=   8.010000000e+02        (668; 0)
+ 53873: mip =     not found yet >=   8.010000000e+02        (673; 0)
+ 54509: mip =     not found yet >=   8.010000000e+02        (678; 0)
+ 54924: mip =     not found yet >=   8.010000000e+02        (683; 0)
+ 55406: mip =     not found yet >=   8.010000000e+02        (688; 0)
+ 55880: mip =     not found yet >=   8.010000000e+02        (693; 0)
+ 56549: mip =     not found yet >=   8.010000000e+02        (699; 0)
+ 57020: mip =     not found yet >=   8.010000000e+02        (704; 0)
+ 57595: mip =     not found yet >=   8.010000000e+02        (710; 0)
+ 58151: mip =     not found yet >=   8.010000000e+02        (716; 0)
Time used: 1221.5 secs.  Memory used: 24.3 Mb.
+ 58692: mip =     not found yet >=   8.010000000e+02        (722; 0)
+ 59351: mip =     not found yet >=   8.010000000e+02        (728; 0)
+ 59823: mip =     not found yet >=   8.010000000e+02        (734; 0)
+ 60203: mip =     not found yet >=   8.010000000e+02        (740; 0)
+ 60695: mip =     not found yet >=   8.010000000e+02        (746; 0)
+ 61214: mip =     not found yet >=   8.010000000e+02        (752; 0)
+ 61834: mip =     not found yet >=   8.010000000e+02        (758; 0)
+ 62379: mip =     not found yet >=   8.010000000e+02        (764; 0)
+ 63012: mip =     not found yet >=   8.010000000e+02        (770; 0)
+ 63478: mip =     not found yet >=   8.010000000e+02        (776; 0)
+ 64237: mip =     not found yet >=   8.010000000e+02        (782; 0)
Time used: 1281.9 secs.  Memory used: 24.5 Mb.
+ 64588: mip =     not found yet >=   8.010000000e+02        (786; 0)
+ 64961: mip =     not found yet >=   8.010000000e+02        (790; 0)
+ 65354: mip =     not found yet >=   8.010000000e+02        (795; 0)
+ 65872: mip =     not found yet >=   8.010000000e+02        (800; 0)
+ 66437: mip =     not found yet >=   8.010000000e+02        (806; 0)
+ 67093: mip =     not found yet >=   8.010000000e+02        (812; 0)
+ 67692: mip =     not found yet >=   8.010000000e+02        (818; 0)
+ 68099: mip =     not found yet >=   8.010000000e+02        (822; 0)
+ 68639: mip =     not found yet >=   8.010000000e+02        (828; 0)
+ 69420: mip =     not found yet >=   8.010000000e+02        (835; 0)
+ 70055: mip =     not found yet >=   8.010000000e+02        (841; 0)
Time used: 1342.6 secs.  Memory used: 24.7 Mb.
+ 70688: mip =     not found yet >=   8.010000000e+02        (848; 0)
+ 71983: mip =     not found yet >=   8.010000000e+02        (854; 1)
+ 72629: mip =     not found yet >=   8.010000000e+02        (860; 1)
+ 73159: mip =     not found yet >=   8.010000000e+02        (866; 1)
+ 73635: mip =     not found yet >=   8.010000000e+02        (872; 1)
+ 74119: mip =     not found yet >=   8.010000000e+02        (878; 1)
+ 74683: mip =     not found yet >=   8.010000000e+02        (884; 1)
+ 75078: mip =     not found yet >=   8.010000000e+02        (889; 1)
+ 75442: mip =     not found yet >=   8.010000000e+02        (894; 1)
+ 75948: mip =     not found yet >=   8.010000000e+02        (899; 1)
+ 76377: mip =     not found yet >=   8.010000000e+02        (904; 1)
Time used: 1403.2 secs.  Memory used: 24.9 Mb.
+ 76748: mip =     not found yet >=   8.010000000e+02        (909; 1)
+ 77175: mip =     not found yet >=   8.010000000e+02        (914; 1)
+ 77561: mip =     not found yet >=   8.010000000e+02        (919; 1)
+ 77925: mip =     not found yet >=   8.010000000e+02        (924; 1)
+ 78377: mip =     not found yet >=   8.010000000e+02        (929; 1)
+ 78684: mip =     not found yet >=   8.010000000e+02        (934; 1)
+ 78983: mip =     not found yet >=   8.010000000e+02        (939; 1)
+ 79319: mip =     not found yet >=   8.010000000e+02        (944; 1)
+ 79687: mip =     not found yet >=   8.010000000e+02        (949; 1)
+ 80045: mip =     not found yet >=   8.010000000e+02        (954; 1)
+ 80464: mip =     not found yet >=   8.010000000e+02        (959; 1)
Time used: 1463.3 secs.  Memory used: 25.0 Mb.
+ 80886: mip =     not found yet >=   8.010000000e+02        (964; 1)
+ 81326: mip =     not found yet >=   8.010000000e+02        (969; 1)
+ 81653: mip =     not found yet >=   8.010000000e+02        (974; 1)
+ 81940: mip =     not found yet >=   8.010000000e+02        (979; 1)
+ 82349: mip =     not found yet >=   8.010000000e+02        (984; 1)
+ 82649: mip =     not found yet >=   8.010000000e+02        (989; 1)
+ 82978: mip =     not found yet >=   8.010000000e+02        (994; 1)
+ 83307: mip =     not found yet >=   8.010000000e+02        (1000; 1)
+ 83745: mip =     not found yet >=   8.010000000e+02        (1005; 1)
+ 84098: mip =     not found yet >=   8.010000000e+02        (1010; 1)
+ 84378: mip =     not found yet >=   8.010000000e+02        (1015; 1)
Time used: 1523.4 secs.  Memory used: 25.2 Mb.
+ 84657: mip =     not found yet >=   8.010000000e+02        (1020; 1)
+ 85052: mip =     not found yet >=   8.010000000e+02        (1025; 1)
+ 85385: mip =     not found yet >=   8.010000000e+02        (1030; 1)
+ 85710: mip =     not found yet >=   8.010000000e+02        (1035; 1)
+ 86084: mip =     not found yet >=   8.010000000e+02        (1040; 1)
+ 86416: mip =     not found yet >=   8.010000000e+02        (1045; 1)
+ 86699: mip =     not found yet >=   8.010000000e+02        (1050; 1)
+ 87078: mip =     not found yet >=   8.010000000e+02        (1055; 1)
+ 87449: mip =     not found yet >=   8.010000000e+02        (1060; 1)
+ 87824: mip =     not found yet >=   8.010000000e+02        (1065; 1)
+ 88249: mip =     not found yet >=   8.010000000e+02        (1070; 1)
+ 88532: mip =     not found yet >=   8.010000000e+02        (1075; 1)
Time used: 1584.2 secs.  Memory used: 25.3 Mb.
+ 88885: mip =     not found yet >=   8.010000000e+02        (1080; 1)
+ 89410: mip =     not found yet >=   8.010000000e+02        (1085; 1)
+ 89769: mip =     not found yet >=   8.010000000e+02        (1090; 1)
+ 90185: mip =     not found yet >=   8.010000000e+02        (1095; 1)
+ 90540: mip =     not found yet >=   8.010000000e+02        (1100; 1)
+ 90909: mip =     not found yet >=   8.010000000e+02        (1105; 1)
+ 91304: mip =     not found yet >=   8.010000000e+02        (1110; 1)
+ 91799: mip =     not found yet >=   8.010000000e+02        (1115; 1)
+ 92124: mip =     not found yet >=   8.010000000e+02        (1120; 1)
+ 92499: mip =     not found yet >=   8.010000000e+02        (1126; 1)
+ 92803: mip =     not found yet >=   8.010000000e+02        (1131; 1)
Time used: 1644.6 secs.  Memory used: 25.4 Mb.
+ 93105: mip =     not found yet >=   8.010000000e+02        (1136; 1)
+ 93443: mip =     not found yet >=   8.010000000e+02        (1141; 1)
+ 93788: mip =     not found yet >=   8.010000000e+02        (1146; 1)
+ 94162: mip =     not found yet >=   8.010000000e+02        (1151; 1)
+ 94500: mip =     not found yet >=   8.010000000e+02        (1156; 1)
+ 95309: mip =     not found yet >=   8.010000000e+02        (1160; 2)
+ 96297: mip =     not found yet >=   8.010000000e+02        (1166; 2)
+ 97066: mip =     not found yet >=   8.010000000e+02        (1172; 2)
+ 97758: mip =     not found yet >=   8.010000000e+02        (1178; 2)
+ 98252: mip =     not found yet >=   8.010000000e+02        (1184; 2)
+ 98797: mip =     not found yet >=   8.010000000e+02        (1190; 2)
Time used: 1705.0 secs.  Memory used: 25.6 Mb.
+ 98999: mip =     not found yet >=   8.010000000e+02        (1196; 2)
+ 99569: mip =     not found yet >=   8.010000000e+02        (1202; 2)
+ 99881: mip =     not found yet >=   8.010000000e+02        (1208; 2)
+100357: mip =     not found yet >=   8.010000000e+02        (1214; 2)
+100578: mip =     not found yet >=   8.010000000e+02        (1220; 2)
+100972: mip =     not found yet >=   8.010000000e+02        (1226; 2)
+101412: mip =     not found yet >=   8.010000000e+02        (1232; 2)
+101924: mip =     not found yet >=   8.010000000e+02        (1238; 2)
+102348: mip =     not found yet >=   8.010000000e+02        (1244; 2)
+102779: mip =     not found yet >=   8.010000000e+02        (1250; 2)
+103174: mip =     not found yet >=   8.010000000e+02        (1256; 2)
Time used: 1765.8 secs.  Memory used: 25.8 Mb.
+103573: mip =     not found yet >=   8.010000000e+02        (1262; 2)
+103989: mip =     not found yet >=   8.010000000e+02        (1268; 2)
+104341: mip =     not found yet >=   8.010000000e+02        (1274; 2)
+104708: mip =     not found yet >=   8.010000000e+02        (1280; 2)
+105014: mip =     not found yet >=   8.010000000e+02        (1285; 2)
+105335: mip =     not found yet >=   8.010000000e+02        (1290; 2)
+105742: mip =     not found yet >=   8.010000000e+02        (1295; 2)
+106174: mip =     not found yet >=   8.010000000e+02        (1300; 2)
+106490: mip =     not found yet >=   8.010000000e+02        (1305; 2)
+106875: mip =     not found yet >=   8.010000000e+02        (1310; 2)
+107307: mip =     not found yet >=   8.010000000e+02        (1315; 2)
Time used: 1826.5 secs.  Memory used: 26.0 Mb.
+107720: mip =     not found yet >=   8.010000000e+02        (1320; 2)
+108195: mip =     not found yet >=   8.010000000e+02        (1325; 2)
+108691: mip =     not found yet >=   8.010000000e+02        (1330; 2)
+109113: mip =     not found yet >=   8.010000000e+02        (1335; 2)
+109462: mip =     not found yet >=   8.010000000e+02        (1340; 2)
+109837: mip =     not found yet >=   8.010000000e+02        (1345; 2)
+110441: mip =     not found yet >=   8.010000000e+02        (1350; 2)
+110767: mip =     not found yet >=   8.010000000e+02        (1355; 2)
+111183: mip =     not found yet >=   8.010000000e+02        (1360; 2)
+111563: mip =     not found yet >=   8.010000000e+02        (1365; 2)
+112054: mip =     not found yet >=   8.010000000e+02        (1370; 2)
+112420: mip =     not found yet >=   8.010000000e+02        (1374; 2)
Time used: 1887.6 secs.  Memory used: 26.1 Mb.
+112716: mip =     not found yet >=   8.010000000e+02        (1378; 2)
+112720: mip =     not found yet >=   8.010000000e+02        (1382; 2)
+112725: mip =     not found yet >=   8.010000000e+02        (1387; 2)
+112731: mip =     not found yet >=   8.010000000e+02        (1393; 2)
+112824: mip =     not found yet >=   8.010000000e+02        (1399; 2)
+113239: mip =     not found yet >=   8.010000000e+02        (1405; 2)
+113592: mip =     not found yet >=   8.010000000e+02        (1411; 2)
+114001: mip =     not found yet >=   8.010000000e+02        (1416; 2)
+114434: mip =     not found yet >=   8.010000000e+02        (1421; 2)
+114837: mip =     not found yet >=   8.010000000e+02        (1427; 2)
+115154: mip =     not found yet >=   8.010000000e+02        (1432; 2)
Time used: 1947.9 secs.  Memory used: 26.2 Mb.
+115444: mip =     not found yet >=   8.010000000e+02        (1438; 2)
+115879: mip =     not found yet >=   8.010000000e+02        (1444; 2)
+116251: mip =     not found yet >=   8.010000000e+02        (1449; 2)
+116595: mip =     not found yet >=   8.010000000e+02        (1454; 2)
+117110: mip =     not found yet >=   8.010000000e+02        (1459; 2)
+117479: mip =     not found yet >=   8.010000000e+02        (1465; 2)
+117906: mip =     not found yet >=   8.010000000e+02        (1471; 2)
+118498: mip =     not found yet >=   8.010000000e+02        (1476; 2)
+119520: mip =     not found yet >=   8.010000000e+02        (1482; 3)
+120340: mip =     not found yet >=   8.010000000e+02        (1488; 3)
+121025: mip =     not found yet >=   8.010000000e+02        (1494; 3)
Time used: 2008.0 secs.  Memory used: 26.4 Mb.
+121518: mip =     not found yet >=   8.010000000e+02        (1500; 3)
+122085: mip =     not found yet >=   8.010000000e+02        (1506; 3)
+122712: mip =     not found yet >=   8.010000000e+02        (1512; 3)
+123358: mip =     not found yet >=   8.010000000e+02        (1518; 3)
+123850: mip =     not found yet >=   8.010000000e+02        (1524; 3)
+124240: mip =     not found yet >=   8.010000000e+02        (1530; 3)
+124685: mip =     not found yet >=   8.010000000e+02        (1536; 3)
+125200: mip =     not found yet >=   8.010000000e+02        (1542; 3)
+125602: mip =     not found yet >=   8.010000000e+02        (1548; 3)
+126094: mip =     not found yet >=   8.010000000e+02        (1554; 3)
Time used: 2068.4 secs.  Memory used: 26.6 Mb.
+126519: mip =     not found yet >=   8.010000000e+02        (1560; 3)
+126947: mip =     not found yet >=   8.010000000e+02        (1565; 3)
+127284: mip =     not found yet >=   8.010000000e+02        (1570; 3)
+127756: mip =     not found yet >=   8.010000000e+02        (1576; 3)
+128093: mip =     not found yet >=   8.010000000e+02        (1582; 3)
+128482: mip =     not found yet >=   8.010000000e+02        (1588; 3)
+128816: mip =     not found yet >=   8.010000000e+02        (1593; 3)
+129184: mip =     not found yet >=   8.010000000e+02        (1598; 3)
+129560: mip =     not found yet >=   8.010000000e+02        (1603; 3)
+130000: mip =     not found yet >=   8.010000000e+02        (1609; 3)
+130317: mip =     not found yet >=   8.010000000e+02        (1614; 3)
+130604: mip =     not found yet >=   8.010000000e+02        (1619; 3)
Time used: 2129.0 secs.  Memory used: 26.7 Mb.
+130954: mip =     not found yet >=   8.010000000e+02        (1624; 3)
+131224: mip =     not found yet >=   8.010000000e+02        (1629; 3)
+131545: mip =     not found yet >=   8.010000000e+02        (1634; 3)
+131861: mip =     not found yet >=   8.010000000e+02        (1639; 3)
+132249: mip =     not found yet >=   8.010000000e+02        (1644; 3)
+132631: mip =     not found yet >=   8.010000000e+02        (1649; 3)
+132950: mip =     not found yet >=   8.010000000e+02        (1654; 3)
+133365: mip =     not found yet >=   8.010000000e+02        (1659; 3)
+133736: mip =     not found yet >=   8.010000000e+02        (1664; 3)
+134214: mip =     not found yet >=   8.010000000e+02        (1669; 3)
+134670: mip =     not found yet >=   8.010000000e+02        (1674; 3)
Time used: 2189.1 secs.  Memory used: 26.8 Mb.
+134957: mip =     not found yet >=   8.010000000e+02        (1679; 3)
+135298: mip =     not found yet >=   8.010000000e+02        (1684; 3)
+135687: mip =     not found yet >=   8.010000000e+02        (1689; 3)
+136047: mip =     not found yet >=   8.010000000e+02        (1694; 3)
+136355: mip =     not found yet >=   8.010000000e+02        (1699; 3)
+136771: mip =     not found yet >=   8.010000000e+02        (1704; 3)
+137105: mip =     not found yet >=   8.010000000e+02        (1709; 3)
+137460: mip =     not found yet >=   8.010000000e+02        (1714; 3)
+137794: mip =     not found yet >=   8.010000000e+02        (1719; 3)
+138124: mip =     not found yet >=   8.010000000e+02        (1724; 3)
+138472: mip =     not found yet >=   8.010000000e+02        (1729; 3)
+138887: mip =     not found yet >=   8.010000000e+02        (1734; 3)
Time used: 2250.0 secs.  Memory used: 27.0 Mb.
+139205: mip =     not found yet >=   8.010000000e+02        (1740; 3)
+139528: mip =     not found yet >=   8.010000000e+02        (1745; 3)
+139926: mip =     not found yet >=   8.010000000e+02        (1750; 3)
+140318: mip =     not found yet >=   8.010000000e+02        (1755; 3)
+140694: mip =     not found yet >=   8.010000000e+02        (1760; 3)
+141219: mip =     not found yet >=   8.010000000e+02        (1765; 3)
+141579: mip =     not found yet >=   8.010000000e+02        (1770; 3)
+141981: mip =     not found yet >=   8.010000000e+02        (1775; 3)
+142470: mip =     not found yet >=   8.010000000e+02        (1780; 3)
+142959: mip =     not found yet >=   8.010000000e+02        (1786; 3)
+143324: mip =     not found yet >=   8.010000000e+02        (1791; 3)
Time used: 2310.8 secs.  Memory used: 27.1 Mb.
+143723: mip =     not found yet >=   8.010000000e+02        (1796; 3)
+144090: mip =     not found yet >=   8.010000000e+02        (1802; 3)
+144563: mip =     not found yet >=   8.010000000e+02        (1808; 3)
+145095: mip =     not found yet >=   8.010000000e+02        (1814; 3)
+145654: mip =     not found yet >=   8.010000000e+02        (1819; 3)
+146002: mip =     not found yet >=   8.010000000e+02        (1825; 3)
+146357: mip =     not found yet >=   8.010000000e+02        (1830; 3)
+146641: mip =     not found yet >=   8.010000000e+02        (1835; 3)
+147150: mip =     not found yet >=   8.010000000e+02        (1840; 3)
+147560: mip =     not found yet >=   8.010000000e+02        (1846; 3)
+147966: mip =     not found yet >=   8.010000000e+02        (1852; 3)
Time used: 2371.0 secs.  Memory used: 27.3 Mb.
+148396: mip =     not found yet >=   8.010000000e+02        (1858; 3)
+148711: mip =     not found yet >=   8.010000000e+02        (1864; 3)
+149112: mip =     not found yet >=   8.010000000e+02        (1870; 3)
+149551: mip =     not found yet >=   8.010000000e+02        (1876; 3)
+150082: mip =     not found yet >=   8.010000000e+02        (1882; 3)
+150632: mip =     not found yet >=   8.010000000e+02        (1888; 3)
+151000: mip =     not found yet >=   8.010000000e+02        (1894; 3)
+151517: mip =     not found yet >=   8.010000000e+02        (1899; 3)
+151991: mip =     not found yet >=   8.010000000e+02        (1905; 3)
+152430: mip =     not found yet >=   8.010000000e+02        (1911; 3)
Time used: 2431.1 secs.  Memory used: 27.4 Mb.
+152847: mip =     not found yet >=   8.010000000e+02        (1917; 3)
+153371: mip =     not found yet >=   8.010000000e+02        (1923; 3)
+153806: mip =     not found yet >=   8.010000000e+02        (1928; 3)
+154266: mip =     not found yet >=   8.010000000e+02        (1934; 3)
+154688: mip =     not found yet >=   8.010000000e+02        (1940; 3)
+155092: mip =     not found yet >=   8.010000000e+02        (1946; 3)
+155398: mip =     not found yet >=   8.010000000e+02        (1952; 3)
+155885: mip =     not found yet >=   8.010000000e+02        (1958; 3)
+156523: mip =     not found yet >=   8.010000000e+02        (1964; 3)
+156959: mip =     not found yet >=   8.010000000e+02        (1969; 3)
+157211: mip =     not found yet >=   8.010000000e+02        (1973; 3)
Time used: 2491.2 secs.  Memory used: 27.6 Mb.
+157481: mip =     not found yet >=   8.010000000e+02        (1977; 3)
+157786: mip =     not found yet >=   8.010000000e+02        (1980; 3)
+158254: mip =     not found yet >=   8.010000000e+02        (1985; 3)
+158651: mip =     not found yet >=   8.010000000e+02        (1991; 3)
+159071: mip =     not found yet >=   8.010000000e+02        (1997; 3)
+159491: mip =     not found yet >=   8.010000000e+02        (2003; 3)
+159938: mip =     not found yet >=   8.010000000e+02        (2009; 3)
+160284: mip =     not found yet >=   8.010000000e+02        (2014; 3)
+160600: mip =     not found yet >=   8.010000000e+02        (2019; 3)
+161180: mip =     not found yet >=   8.010000000e+02        (2025; 3)
+161630: mip =     not found yet >=   8.010000000e+02        (2031; 3)
Time used: 2551.7 secs.  Memory used: 27.7 Mb.
+162295: mip =     not found yet >=   8.010000000e+02        (2037; 3)
+162856: mip =     not found yet >=   8.010000000e+02        (2043; 3)
+163332: mip =     not found yet >=   8.010000000e+02        (2049; 3)
+163831: mip =     not found yet >=   8.010000000e+02        (2055; 3)
+164424: mip =     not found yet >=   8.010000000e+02        (2061; 3)
+164997: mip =     not found yet >=   8.010000000e+02        (2067; 3)
+165557: mip =     not found yet >=   8.010000000e+02        (2073; 3)
+166007: mip =     not found yet >=   8.010000000e+02        (2078; 3)
+166420: mip =     not found yet >=   8.010000000e+02        (2082; 3)
+166924: mip =     not found yet >=   8.010000000e+02        (2087; 3)
+167389: mip =     not found yet >=   8.010000000e+02        (2092; 3)
Time used: 2612.4 secs.  Memory used: 27.9 Mb.
+167395: mip =     not found yet >=   8.010000000e+02        (2098; 3)
+167401: mip =     not found yet >=   8.010000000e+02        (2104; 3)
+167648: mip =     not found yet >=   8.010000000e+02        (2110; 3)
+168307: mip =     not found yet >=   8.010000000e+02        (2116; 3)
+168969: mip =     not found yet >=   8.010000000e+02        (2122; 3)
+169497: mip =     not found yet >=   8.010000000e+02        (2128; 3)
+170047: mip =     not found yet >=   8.010000000e+02        (2134; 3)
+170760: mip =     not found yet >=   8.010000000e+02        (2140; 3)
+171422: mip =     not found yet >=   8.010000000e+02        (2146; 3)
+172091: mip =     not found yet >=   8.010000000e+02        (2152; 3)
+172660: mip =     not found yet >=   8.010000000e+02        (2158; 3)
Time used: 2672.5 secs.  Memory used: 28.1 Mb.
+173081: mip =     not found yet >=   8.010000000e+02        (2164; 3)
+173793: mip =     not found yet >=   8.010000000e+02        (2170; 3)
+174198: mip =     not found yet >=   8.010000000e+02        (2175; 3)
+174715: mip =     not found yet >=   8.010000000e+02        (2181; 3)
+175203: mip =     not found yet >=   8.010000000e+02        (2187; 3)
+175574: mip =     not found yet >=   8.010000000e+02        (2193; 3)
+176069: mip =     not found yet >=   8.010000000e+02        (2199; 3)
+176680: mip =     not found yet >=   8.010000000e+02        (2205; 3)
+177267: mip =     not found yet >=   8.010000000e+02        (2211; 3)
+177766: mip =     not found yet >=   8.010000000e+02        (2217; 3)
+178231: mip =     not found yet >=   8.010000000e+02        (2223; 3)
Time used: 2733.0 secs.  Memory used: 28.2 Mb.
+178828: mip =     not found yet >=   8.010000000e+02        (2229; 3)
+179393: mip =     not found yet >=   8.010000000e+02        (2235; 3)
+179907: mip =     not found yet >=   8.010000000e+02        (2241; 3)
+180512: mip =     not found yet >=   8.010000000e+02        (2247; 3)
+181179: mip =     not found yet >=   8.010000000e+02        (2253; 3)
+181645: mip =     not found yet >=   8.010000000e+02        (2259; 3)
+182081: mip =     not found yet >=   8.010000000e+02        (2265; 3)
+182741: mip =     not found yet >=   8.010000000e+02        (2271; 3)
+183512: mip =     not found yet >=   8.010000000e+02        (2277; 3)
+184332: mip =     not found yet >=   8.010000000e+02        (2283; 3)
+185206: mip =     not found yet >=   8.010000000e+02        (2290; 3)
Time used: 2793.1 secs.  Memory used: 28.4 Mb.
+186010: mip =     not found yet >=   8.010000000e+02        (2297; 3)
+186686: mip =     not found yet >=   8.010000000e+02        (2304; 3)
+187661: mip =     not found yet >=   8.010000000e+02        (2311; 3)
+188398: mip =     not found yet >=   8.010000000e+02        (2318; 3)
+189117: mip =     not found yet >=   8.010000000e+02        (2325; 3)
+190066: mip =     not found yet >=   8.010000000e+02        (2332; 3)
+190834: mip =     not found yet >=   8.010000000e+02        (2339; 3)
+191619: mip =     not found yet >=   8.010000000e+02        (2346; 3)
+192348: mip =     not found yet >=   8.010000000e+02        (2352; 3)
+193079: mip =     not found yet >=   8.010000000e+02        (2359; 3)
+194106: mip =     not found yet >=   8.010000000e+02        (2366; 3)
+194979: mip =     not found yet >=   8.010000000e+02        (2373; 3)
Time used: 2853.6 secs.  Memory used: 28.7 Mb.
+196010: mip =     not found yet >=   8.010000000e+02        (2380; 3)
+196968: mip =     not found yet >=   8.010000000e+02        (2387; 3)
+197852: mip =     not found yet >=   8.010000000e+02        (2394; 3)
+198579: mip =     not found yet >=   8.010000000e+02        (2401; 3)
+199425: mip =     not found yet >=   8.010000000e+02        (2409; 3)
+200236: mip =     not found yet >=   8.010000000e+02        (2417; 3)
+201316: mip =     not found yet >=   8.010000000e+02        (2425; 3)
+202626: mip =     not found yet >=   8.010000000e+02        (2432; 3)
+203829: mip =     not found yet >=   8.010000000e+02        (2440; 3)
+204732: mip =     not found yet >=   8.010000000e+02        (2448; 3)
+205772: mip =     not found yet >=   8.010000000e+02        (2455; 3)
Time used: 2913.7 secs.  Memory used: 29.0 Mb.
+206449: mip =     not found yet >=   8.010000000e+02        (2463; 3)
+207406: mip =     not found yet >=   8.010000000e+02        (2471; 3)
+208614: mip =     not found yet >=   8.010000000e+02        (2479; 3)
+210010: mip =     not found yet >=   8.010000000e+02        (2487; 3)
+211410: mip =     not found yet >=   8.010000000e+02        (2495; 3)
+212732: mip =     not found yet >=   8.010000000e+02        (2503; 3)
+213800: mip =     not found yet >=   8.010000000e+02        (2511; 3)
+213906: mip =     not found yet >=   8.010000000e+02        (2520; 3)
+214820: mip =     not found yet >=   8.010000000e+02        (2528; 3)
+216037: mip =     not found yet >=   8.010000000e+02        (2536; 3)
+217379: mip =     not found yet >=   8.010000000e+02        (2544; 3)
Time used: 2973.9 secs.  Memory used: 29.3 Mb.
+218391: mip =     not found yet >=   8.010000000e+02        (2553; 3)
+219621: mip =     not found yet >=   8.010000000e+02        (2561; 3)
+220909: mip =     not found yet >=   8.010000000e+02        (2569; 3)
+222687: mip =     not found yet >=   8.010000000e+02        (2577; 3)
+224632: mip =     not found yet >=   8.010000000e+02        (2586; 3)
+226595: mip =     not found yet >=   8.010000000e+02        (2595; 3)
+228616: mip =     not found yet >=   8.010000000e+02        (2605; 3)
+230915: mip =     not found yet >=   8.010000000e+02        (2614; 3)
+232830: mip =     not found yet >=   8.010000000e+02        (2624; 3)
+234538: mip =     not found yet >=   8.010000000e+02        (2636; 3)
+236911: mip =     not found yet >=   8.010000000e+02        (2649; 3)
+239031: mip =     not found yet >=   8.010000000e+02        (2661; 3)
Time used: 3034.1 secs.  Memory used: 29.9 Mb.
+241105: mip =     not found yet >=   8.010000000e+02        (2677; 3)
+243403: mip =     not found yet >=   8.010000000e+02        (2698; 3)
Solution found by heuristic: 802
+247181: mip =   8.020000000e+02 >=   8.010000000e+02   0.1% (2724; 3)
+247924: >>>>>   8.010000000e+02 >=   8.010000000e+02 < 0.1% (2729; 3)
+247924: mip =   8.010000000e+02 >=     tree is empty   0.0% (0; 5463)
INTEGER OPTIMAL SOLUTION FOUND
Time used:   3049.7 secs
Memory used: 33.9 Mb (35565452 bytes)
Writing MIP solution to 'C:\Users\JOACHI~1\AppData\Local\Temp\tmpkhsvumsh.glpk.raw'...
23725 lines were written

